This file contains any messages produced by compilers while
running configure, to aid debugging if configure makes a mistake.

It was created by kernel configure 1.0, which was
generated by GNU Autoconf 2.64.  Invocation command line was

  $ ./configure --host=arm-none-eabi --host=arm-none-eabi

## --------- ##
## Platform. ##
## --------- ##

hostname = marven-SATELLITE-C50-B
uname -m = x86_64
uname -r = 3.13.0-137-generic
uname -s = Linux
uname -v = #186-Ubuntu SMP Mon Dec 4 19:09:19 UTC 2017

/usr/bin/uname -p = unknown
/bin/uname -X     = unknown

/bin/arch              = unknown
/usr/bin/arch -k       = unknown
/usr/convex/getsysinfo = unknown
/usr/bin/hostinfo      = unknown
/bin/machine           = unknown
/usr/bin/oslevel       = unknown
/bin/universe          = unknown

PATH: /home/marven/build_autotools/bin/bin
PATH: /home/marven/build_tools/bin
PATH: /home/marven/build_autotools/bin/bin
PATH: /home/marven/build_tools/bin
PATH: /usr/local/sbin
PATH: /usr/local/bin
PATH: /usr/sbin
PATH: /usr/bin
PATH: /sbin
PATH: /bin
PATH: /usr/games
PATH: /usr/local/games
PATH: /snap/bin


## ----------- ##
## Core tests. ##
## ----------- ##

configure:1793: checking for a BSD-compatible install
configure:1861: result: /usr/bin/install -c
configure:1872: checking whether build environment is sane
configure:1927: result: yes
configure:1986: checking for arm-none-eabi-strip
configure:2002: found /home/marven/build_tools/bin/arm-none-eabi-strip
configure:2013: result: arm-none-eabi-strip
configure:2078: checking for a thread-safe mkdir -p
configure:2117: result: /bin/mkdir -p
configure:2130: checking for gawk
configure:2146: found /usr/bin/gawk
configure:2157: result: gawk
configure:2168: checking whether make sets $(MAKE)
configure:2190: result: yes
configure:2279: checking for arm-none-eabi-gcc
configure:2295: found /home/marven/build_tools/bin/arm-none-eabi-gcc
configure:2306: result: arm-none-eabi-gcc
configure:2575: checking for C compiler version
configure:2584: arm-none-eabi-gcc --version >&5
arm-none-eabi-gcc (GCC) 4.9.2
Copyright (C) 2014 Free Software Foundation, Inc.
This is free software; see the source for copying conditions.  There is NO
warranty; not even for MERCHANTABILITY or FITNESS FOR A PARTICULAR PURPOSE.

configure:2595: $? = 0
configure:2584: arm-none-eabi-gcc -v >&5
Using built-in specs.
COLLECT_GCC=arm-none-eabi-gcc
COLLECT_LTO_WRAPPER=/home/marven/build_tools/libexec/gcc/arm-none-eabi/4.9.2/lto-wrapper
Target: arm-none-eabi
Configured with: ../gcc-4.9.2/configure --target=arm-none-eabi --prefix=/home/marven/build_tools --enable-interwork --enable-multilib --enable-languages=c,c++ --with-newlib --with-headers=../newlib-2.0.0/newlib/libc/include
Thread model: single
gcc version 4.9.2 (GCC) 
configure:2595: $? = 0
configure:2584: arm-none-eabi-gcc -V >&5
arm-none-eabi-gcc: error: unrecognized command line option '-V'
arm-none-eabi-gcc: fatal error: no input files
compilation terminated.
configure:2595: $? = 1
configure:2584: arm-none-eabi-gcc -qversion >&5
arm-none-eabi-gcc: error: unrecognized command line option '-qversion'
arm-none-eabi-gcc: fatal error: no input files
compilation terminated.
configure:2595: $? = 1
configure:2617: checking for C compiler default output file name
configure:2639: arm-none-eabi-gcc    conftest.c  >&5
configure:2643: $? = 0
configure:2680: result: a.out
configure:2696: checking whether the C compiler works
configure:2705: ./a.out
./configure: line 2707: ./a.out: cannot execute binary file: Exec format error
configure:2709: $? = 126
configure:2724: result: yes
configure:2731: checking whether we are cross compiling
configure:2733: result: yes
configure:2736: checking for suffix of executables
configure:2743: arm-none-eabi-gcc -o conftest    conftest.c  >&5
configure:2747: $? = 0
configure:2769: result: 
configure:2775: checking for suffix of object files
configure:2797: arm-none-eabi-gcc -c   conftest.c >&5
configure:2801: $? = 0
configure:2822: result: o
configure:2826: checking whether we are using the GNU C compiler
configure:2845: arm-none-eabi-gcc -c   conftest.c >&5
configure:2845: $? = 0
configure:2854: result: yes
configure:2863: checking whether arm-none-eabi-gcc accepts -g
configure:2883: arm-none-eabi-gcc -c -g  conftest.c >&5
configure:2883: $? = 0
configure:2924: result: yes
configure:2941: checking for arm-none-eabi-gcc option to accept ISO C89
configure:3005: arm-none-eabi-gcc  -c -g -O2  conftest.c >&5
configure:3005: $? = 0
configure:3018: result: none needed
configure:3049: checking for style of include used by make
configure:3077: result: GNU
configure:3103: checking dependency style of arm-none-eabi-gcc
configure:3214: result: gcc3
configure:3238: checking dependency style of arm-none-eabi-gcc
configure:3347: result: gcc3
configure:3499: checking that generated files are newer than configure
configure:3505: result: done
configure:3532: creating ./config.status

## ---------------------- ##
## Running config.status. ##
## ---------------------- ##

This file was extended by kernel config.status 1.0, which was
generated by GNU Autoconf 2.64.  Invocation command line was

  CONFIG_FILES    = 
  CONFIG_HEADERS  = 
  CONFIG_LINKS    = 
  CONFIG_COMMANDS = 
  $ ./config.status 

on marven-SATELLITE-C50-B

config.status:772: creating Makefile
config.status:935: executing depfiles commands

## ---------------- ##
## Cache variables. ##
## ---------------- ##

ac_cv_c_compiler_gnu=yes
ac_cv_env_CCASFLAGS_set=
ac_cv_env_CCASFLAGS_value=
ac_cv_env_CCAS_set=
ac_cv_env_CCAS_value=
ac_cv_env_CC_set=
ac_cv_env_CC_value=
ac_cv_env_CFLAGS_set=
ac_cv_env_CFLAGS_value=
ac_cv_env_CPPFLAGS_set=
ac_cv_env_CPPFLAGS_value=
ac_cv_env_LDFLAGS_set=
ac_cv_env_LDFLAGS_value=
ac_cv_env_LIBS_set=
ac_cv_env_LIBS_value=
ac_cv_env_build_alias_set=
ac_cv_env_build_alias_value=
ac_cv_env_host_alias_set=set
ac_cv_env_host_alias_value=arm-none-eabi
ac_cv_env_target_alias_set=
ac_cv_env_target_alias_value=
ac_cv_objext=o
ac_cv_path_install='/usr/bin/install -c'
ac_cv_path_mkdir=/bin/mkdir
ac_cv_prog_AWK=gawk
ac_cv_prog_CC=arm-none-eabi-gcc
ac_cv_prog_STRIP=arm-none-eabi-strip
ac_cv_prog_cc_c89=
ac_cv_prog_cc_g=yes
ac_cv_prog_make_make_set=yes
am_cv_CCAS_dependencies_compiler_type=gcc3
am_cv_CC_dependencies_compiler_type=gcc3

## ----------------- ##
## Output variables. ##
## ----------------- ##

ACLOCAL='${SHELL} /home/marven/git/cheviot/kernel/missing --run aclocal-1.12'
AMDEPBACKSLASH='\'
AMDEP_FALSE='#'
AMDEP_TRUE=''
AMTAR='$${TAR-tar}'
AUTOCONF='${SHELL} /home/marven/git/cheviot/kernel/missing --run autoconf'
AUTOHEADER='${SHELL} /home/marven/git/cheviot/kernel/missing --run autoheader'
AUTOMAKE='${SHELL} /home/marven/git/cheviot/kernel/missing --run automake-1.12'
AWK='gawk'
CC='arm-none-eabi-gcc'
CCAS='arm-none-eabi-gcc'
CCASDEPMODE='depmode=gcc3'
CCASFLAGS='-g -O2'
CCDEPMODE='depmode=gcc3'
CFLAGS='-g -O2'
CPPFLAGS=''
CYGPATH_W='echo'
DEFS='-DPACKAGE_NAME=\"kernel\" -DPACKAGE_TARNAME=\"kernel\" -DPACKAGE_VERSION=\"1.0\" -DPACKAGE_STRING=\"kernel\ 1.0\" -DPACKAGE_BUGREPORT=\"\" -DPACKAGE_URL=\"\" -DPACKAGE=\"kernel\" -DVERSION=\"1.0\"'
DEPDIR='.deps'
ECHO_C=''
ECHO_N='-n'
ECHO_T=''
EXEEXT=''
INSTALL_DATA='${INSTALL} -m 644'
INSTALL_PROGRAM='${INSTALL}'
INSTALL_SCRIPT='${INSTALL}'
INSTALL_STRIP_PROGRAM='$(install_sh) -c -s'
LDFLAGS=''
LIBOBJS=''
LIBS=''
LTLIBOBJS=''
MAKEINFO='${SHELL} /home/marven/git/cheviot/kernel/missing --run makeinfo'
MKDIR_P='/bin/mkdir -p'
OBJEXT='o'
PACKAGE='kernel'
PACKAGE_BUGREPORT=''
PACKAGE_NAME='kernel'
PACKAGE_STRING='kernel 1.0'
PACKAGE_TARNAME='kernel'
PACKAGE_URL=''
PACKAGE_VERSION='1.0'
PATH_SEPARATOR=':'
SET_MAKE=''
SHELL='/bin/bash'
STRIP='arm-none-eabi-strip'
VERSION='1.0'
ac_ct_CC=''
am__EXEEXT_FALSE=''
am__EXEEXT_TRUE='#'
am__fastdepCCAS_FALSE='#'
am__fastdepCCAS_TRUE=''
am__fastdepCC_FALSE='#'
am__fastdepCC_TRUE=''
am__include='include'
am__isrc=''
am__leading_dot='.'
am__nodep='_no'
am__quote=''
am__tar='$${TAR-tar} chof - "$$tardir"'
am__untar='$${TAR-tar} xf -'
bindir='${exec_prefix}/bin'
build_alias=''
datadir='${datarootdir}'
datarootdir='${prefix}/share'
docdir='${datarootdir}/doc/${PACKAGE_TARNAME}'
dvidir='${docdir}'
exec_prefix='${prefix}'
host_alias='arm-none-eabi'
htmldir='${docdir}'
includedir='${prefix}/include'
infodir='${datarootdir}/info'
install_sh='${SHELL} /home/marven/git/cheviot/kernel/install-sh'
libdir='${exec_prefix}/lib'
libexecdir='${exec_prefix}/libexec'
localedir='${datarootdir}/locale'
localstatedir='${prefix}/var'
mandir='${datarootdir}/man'
mkdir_p='/bin/mkdir -p'
oldincludedir='/usr/include'
pdfdir='${docdir}'
prefix='/usr/local'
program_transform_name='s,x,x,'
psdir='${docdir}'
sbindir='${exec_prefix}/sbin'
sharedstatedir='${prefix}/com'
sysconfdir='${prefix}/etc'
target_alias=''

## ----------- ##
## confdefs.h. ##
## ----------- ##

/* confdefs.h */
#define PACKAGE_NAME "kernel"
#define PACKAGE_TARNAME "kernel"
#define PACKAGE_VERSION "1.0"
#define PACKAGE_STRING "kernel 1.0"
#define PACKAGE_BUGREPORT ""
#define PACKAGE_URL ""
#define PACKAGE "kernel"
#define VERSION "1.0"

configure: exit 0
